
****** PlanAhead v14.7 (64-bit)
  **** Build 321239 by xbuild on Fri Sep 27 19:24:36 MDT 2013
    ** Copyright 1986-1999, 2001-2013 Xilinx, Inc. All Rights Reserved.

INFO: [Common 17-78] Attempting to get a license: PlanAhead
INFO: [Common 17-290] Got license for PlanAhead
INFO: [Device 21-36] Loading parts and site information from /opt/Xilinx/14.7/ISE_DS/PlanAhead/data/parts/arch.xml
Parsing RTL primitives file [/opt/Xilinx/14.7/ISE_DS/PlanAhead/data/parts/xilinx/rtl/prims/rtl_prims.xml]
Finished parsing RTL primitives file [/opt/Xilinx/14.7/ISE_DS/PlanAhead/data/parts/xilinx/rtl/prims/rtl_prims.xml]
start_gui
source {/media/reza/9636D17436D15639/University/Ta/Logic Circuit Lab/Fall 2023/Labs/Lab5/pa.fromNetlist.tcl}
# create_project -name Lab5 -dir "/media/reza/9636D17436D15639/University/Ta/Logic Circuit Lab/Fall 2023/Labs/Lab5/planAhead_run_2" -part xc3s400pq208-5
# set_property design_mode GateLvl [get_property srcset [current_run -impl]]
# set_property edif_top_file "/media/reza/9636D17436D15639/University/Ta/Logic Circuit Lab/Fall 2023/Labs/Lab5/decoder2x4.ngc" [ get_property srcset [ current_run ] ]
# add_files -norecurse { {/media/reza/9636D17436D15639/University/Ta/Logic Circuit Lab/Fall 2023/Labs/Lab5} }
# set_param project.pinAheadLayout  yes
# set_property target_constrs_file "decoder2x4.ucf" [current_fileset -constrset]
Adding file '/media/reza/9636D17436D15639/University/Ta/Logic Circuit Lab/Fall 2023/Labs/Lab5/decoder2x4.ucf' to fileset 'constrs_1'
# add_files [list {decoder2x4.ucf}] -fileset [get_property constrset [current_run]]
# link_design
Design is defaulting to srcset: sources_1
Design is defaulting to constrset: constrs_1
Design is defaulting to project part: xc3s400pq208-5
Release 14.7 - ngc2edif P.20131013 (lin64)
Copyright (c) 1995-2013 Xilinx, Inc.  All rights reserved.

Release 14.7 - ngc2edif P.20131013 (lin64)
Copyright (c) 1995-2013 Xilinx, Inc.  All rights reserved.
Reading design decoder2x4.ngc ...
WARNING:NetListWriters:298 - No output is written to decoder2x4.xncf, ignored.
Processing design ...
   Preping design's networks ...
   Preping design's macros ...
  finished :Prep
Writing EDIF netlist file decoder2x4.edif ...
ngc2edif: Total memory usage is 91612 kilobytes

Parsing EDIF File [./planAhead_run_2/Lab5.data/cache/decoder2x4_ngc_67dcf532.edif]
Finished Parsing EDIF File [./planAhead_run_2/Lab5.data/cache/decoder2x4_ngc_67dcf532.edif]
INFO: [Designutils 20-910] Reading macro library /opt/Xilinx/14.7/ISE_DS/PlanAhead/data/./parts/xilinx/spartan3/hd_int_macros.edn
Parsing EDIF File [/opt/Xilinx/14.7/ISE_DS/PlanAhead/data/./parts/xilinx/spartan3/hd_int_macros.edn]
Finished Parsing EDIF File [/opt/Xilinx/14.7/ISE_DS/PlanAhead/data/./parts/xilinx/spartan3/hd_int_macros.edn]
Loading clock regions from /opt/Xilinx/14.7/ISE_DS/PlanAhead/data/parts/xilinx/spartan3/spartan3/xc3s400/ClockRegion.xml
Loading clock buffers from /opt/Xilinx/14.7/ISE_DS/PlanAhead/data/parts/xilinx/spartan3/spartan3/xc3s400/ClockBuffers.xml
Loading package from /opt/Xilinx/14.7/ISE_DS/PlanAhead/data/parts/xilinx/spartan3/spartan3/xc3s400/pq208/Package.xml
Loading io standards from /opt/Xilinx/14.7/ISE_DS/PlanAhead/data/./parts/xilinx/spartan3/IOStandards.xml
INFO: [Device 21-19] Loading pkg sso from /opt/Xilinx/14.7/ISE_DS/PlanAhead/data/parts/xilinx/spartan3/spartan3/xc3s400/pq208/SSORules.xml
Loading list of drcs for the architecture : /opt/Xilinx/14.7/ISE_DS/PlanAhead/data/./parts/xilinx/spartan3/drc.xml
INFO: [Timing 38-77] Reading timing library /opt/Xilinx/14.7/ISE_DS/PlanAhead/data/parts/xilinx/spartan3/spartan3/spartan3-5.lib.
INFO: [Timing 38-34] Done reading timing library /opt/Xilinx/14.7/ISE_DS/PlanAhead/data/parts/xilinx/spartan3/spartan3/spartan3-5.lib.
Parsing UCF File [/media/reza/9636D17436D15639/University/Ta/Logic Circuit Lab/Fall 2023/Labs/Lab5/decoder2x4.ucf]
Finished Parsing UCF File [/media/reza/9636D17436D15639/University/Ta/Logic Circuit Lab/Fall 2023/Labs/Lab5/decoder2x4.ucf]
INFO: [Project 1-111] Unisim Transformation Summary:
No Unisim elements were transformed.

Phase 0 | Netlist Checksum: f9613b39
startgroup
set_property package_pin P191 [get_ports en]
endgroup
save_constraints
exit
ERROR: [Common 17-39] 'stop_gui' failed due to earlier errors.
INFO: [Common 17-206] Exiting PlanAhead at Sat Nov 11 17:29:30 2023...
INFO: [Common 17-83] Releasing license: PlanAhead
