Release 14.7 - ngc2edif P.20131013 (lin64)
Copyright (c) 1995-2013 Xilinx, Inc.  All rights reserved.
Reading design decoder2x4.ngc ...
WARNING:NetListWriters:298 - No output is written to decoder2x4.xncf, ignored.
Processing design ...
   Preping design's networks ...
   Preping design's macros ...
  finished :Prep
Writing EDIF netlist file decoder2x4.edif ...
ngc2edif: Total memory usage is 91608 kilobytes

Release 14.7 - ngc2edif P.20131013 (lin64)
Copyright (c) 1995-2013 Xilinx, Inc.  All rights reserved.
Reading design decoder2x4.ngc ...
WARNING:NetListWriters:298 - No output is written to decoder2x4.xncf, ignored.
Processing design ...
   Preping design's networks ...
   Preping design's macros ...
  finished :Prep
Writing EDIF netlist file decoder2x4.edif ...
ngc2edif: Total memory usage is 91612 kilobytes

Release 14.7 - ngc2edif P.20131013 (lin64)
Copyright (c) 1995-2013 Xilinx, Inc.  All rights reserved.
Reading design decoder2x4.ngc ...
WARNING:NetListWriters:298 - No output is written to decoder2x4.xncf, ignored.
Processing design ...
   Preping design's networks ...
   Preping design's macros ...
  finished :Prep
Writing EDIF netlist file decoder2x4.edif ...
ngc2edif: Total memory usage is 91612 kilobytes

Release 14.7 - ngc2edif P.20131013 (lin64)
Copyright (c) 1995-2013 Xilinx, Inc.  All rights reserved.
Reading design mux4x1.ngc ...
WARNING:NetListWriters:298 - No output is written to mux4x1.xncf, ignored.
Processing design ...
   Preping design's networks ...
   Preping design's macros ...
  finished :Prep
Writing EDIF netlist file mux4x1.edif ...
ngc2edif: Total memory usage is 91604 kilobytes

Release 14.7 - ngc2edif P.20131013 (lin64)
Copyright (c) 1995-2013 Xilinx, Inc.  All rights reserved.
Reading design mux4x1.ngc ...
WARNING:NetListWriters:298 - No output is written to mux4x1.xncf, ignored.
Processing design ...
   Preping design's networks ...
   Preping design's macros ...
  finished :Prep
Writing EDIF netlist file mux4x1.edif ...
ngc2edif: Total memory usage is 91604 kilobytes

