\BOOKMARK [1][-]{section*.1}{\376\377\006\106\006\251\006\047\006\052\000\040\006\102\006\047\006\050\006\104\000\040\006\052\006\110\006\054\006\107}{}% 1
\BOOKMARK [1][-]{section*.2}{\376\377\006\105\006\102\006\057\006\105\006\107}{}% 2
\BOOKMARK [2][-]{section*.3}{\376\377\006\047\006\107\006\057\006\047\006\101\000\040\006\102\006\047\006\050\006\104\000\040\006\052\006\110\006\054\006\107}{section*.2}% 3
\BOOKMARK [2][-]{section*.4}{\376\377\006\251\006\104\006\314\006\047\006\052\000\040\006\176\006\061\006\110\006\230\006\107}{section*.2}% 4
\BOOKMARK [1][-]{section*.5}{\376\377\006\052\006\110\006\066\006\314\006\055\000\040\006\050\006\056\006\064\040\014\006\107\006\047\006\314\000\040\006\105\006\056\006\052\006\104\006\101\000\040\006\176\006\061\006\110\006\230\006\107}{}% 5
\BOOKMARK [2][-]{section*.6}{\376\377\006\050\006\056\006\064\040\014\006\107\006\047}{section*.5}% 6
\BOOKMARK [3][-]{section*.7}{\376\377\006\105\006\110\006\054\006\110\006\057\006\314\006\052\040\014\006\107\006\047}{section*.6}% 7
\BOOKMARK [3][-]{section*.8}{\376\377\006\106\006\105\006\047\006\314\000\040\006\251\006\104\006\314\000\040\006\061\006\047\006\050\006\067\000\040\006\251\006\047\006\061\006\050\006\061\006\314}{section*.6}% 8
\BOOKMARK [2][-]{section*.9}{\376\377\006\106\006\102\006\064\040\014\006\107\006\047}{section*.5}% 9
\BOOKMARK [2][-]{section*.10}{\376\377\006\101\006\061\006\042\006\314\006\106\006\057\006\107\006\047}{section*.5}% 10
\BOOKMARK [1][-]{section*.11}{\376\377\006\057\006\063\006\052\006\110\006\061\006\047\006\052\000\040\006\105\006\110\006\061\006\057\000\040\006\106\006\314\006\047\006\062}{}% 11
\BOOKMARK [2][-]{section*.12}{\376\377\006\106\006\251\006\047\006\052\000\040\006\105\006\107\006\105\000:}{section*.11}% 12
\BOOKMARK [2][-]{section*.13}{\376\377\006\065\006\101\006\055\006\107\000\040\006\104\006\047\006\257\006\314\006\106\000/\006\061\006\054\006\314\006\063\006\052\006\061\000:}{section*.11}% 13
\BOOKMARK [2][-]{section*.14}{\376\377\006\065\006\101\006\055\006\107\000\040\006\047\006\065\006\104\006\314\000\040\000>\000\040\006\106\006\047\006\055\006\314\006\107\000\040\006\251\006\047\006\061\006\050\006\061\006\314\000\040}{section*.11}% 14
\BOOKMARK [3][-]{section*.15}{\376\377\000\253\006\055\006\063\006\047\006\050\000\040\006\105\006\057\006\314\006\061\000\273}{section*.14}% 15
\BOOKMARK [3][-]{section*.16}{\376\377\000\253\006\055\006\063\006\047\006\050\000\040\006\101\006\061\006\110\006\064\006\106\006\057\006\107\000\273}{section*.14}% 16
\BOOKMARK [3][-]{section*.17}{\376\377\000\253\006\055\006\063\006\047\006\050\000\040\006\056\006\061\006\314\006\057\006\047\006\061\000\273}{section*.14}% 17
\BOOKMARK [2][-]{section*.18}{\376\377\006\065\006\101\006\055\006\107\006\124\000\040\006\105\006\055\006\065\006\110\006\104\006\047\006\052}{section*.11}% 18
\BOOKMARK [2][-]{section*.19}{\376\377\006\065\006\101\006\055\006\107\006\124\000\040\006\105\006\055\006\065\006\110\006\104}{section*.11}% 19
\BOOKMARK [2][-]{section*.20}{\376\377\006\065\006\101\006\055\006\107\006\124\000\040\006\055\006\061\006\047\006\054\040\014\006\107\006\047}{section*.11}% 20
