Release 14.7 - ngc2edif P.20131013 (lin64)
Copyright (c) 1995-2013 Xilinx, Inc.  All rights reserved.
Reading design SOP_ParityGenerator.ngc ...
WARNING:NetListWriters:298 - No output is written to SOP_ParityGenerator.xncf,
   ignored.
Processing design ...
   Preping design's networks ...
   Preping design's macros ...
  finished :Prep
Writing EDIF netlist file SOP_ParityGenerator.edif ...
ngc2edif: Total memory usage is 91544 kilobytes

Release 14.7 - ngc2edif P.20131013 (lin64)
Copyright (c) 1995-2013 Xilinx, Inc.  All rights reserved.
Reading design SOP_ParityGenerator.ngc ...
WARNING:NetListWriters:298 - No output is written to SOP_ParityGenerator.xncf,
   ignored.
Processing design ...
   Preping design's networks ...
   Preping design's macros ...
  finished :Prep
Writing EDIF netlist file SOP_ParityGenerator.edif ...
ngc2edif: Total memory usage is 91540 kilobytes

