\BOOKMARK [1][-]{section*.1}{\376\377\006\106\006\251\006\047\006\052\000\040\006\102\006\047\006\050\006\104\000\040\006\052\006\110\006\054\006\107}{}% 1
\BOOKMARK [1][-]{section*.2}{\376\377\006\105\006\102\006\057\006\105\006\107}{}% 2
\BOOKMARK [2][-]{section*.3}{\376\377\006\314\006\071\006\102\006\110\006\050\000\040\006\050\006\061\006\102\006\314\000\040\006\251\006\107\000\040\006\050\006\110\006\057\006\037}{section*.2}% 3
\BOOKMARK [2][-]{section*.4}{\376\377\006\047\006\107\006\057\006\047\006\101\000\040\006\176\006\061\006\110\006\230\006\107}{section*.2}% 4
\BOOKMARK [1][-]{section*.5}{\376\377\006\050\006\056\006\064\040\014\006\107\006\047\006\314\000\040\006\047\006\065\006\104\006\314}{}% 5
\BOOKMARK [2][-]{section*.6}{\376\377\006\101\006\047\006\062\000\040\006\065\006\101\006\061}{section*.5}% 6
\BOOKMARK [3][-]{section*.7}{\376\377\006\061\006\047\006\107\040\014\006\047\006\106\006\057\006\047\006\062\006\314\000\040\006\105\006\056\006\062\006\106\000\040\000G\000i\000t\000H\000u\000b}{section*.6}% 7
\BOOKMARK [3][-]{section*.8}{\376\377\006\067\006\061\006\047\006\055\006\314\000\040\000F\000S\000M\000\040\006\050\006\061\006\047\006\314\000\040\006\105\006\106\006\067\006\102\000\040\006\176\006\061\006\110\006\230\006\107}{section*.6}% 8
\BOOKMARK [2][-]{section*.9}{\376\377\006\101\006\047\006\062\000\040\006\047\006\110\006\104}{section*.5}% 9
\BOOKMARK [2][-]{section*.10}{\376\377\006\050\006\047\006\106\006\251}{section*.5}% 10
\BOOKMARK [2][-]{section*.11}{\376\377\006\251\006\314\006\101\000\040\006\176\006\110\006\104}{section*.5}% 11
\BOOKMARK [2][-]{section*.12}{\376\377\006\176\006\064\006\052\006\314\006\050\006\047\006\106\006\314}{section*.5}% 12
\BOOKMARK [2][-]{section*.13}{\376\377\006\105\006\062\006\047\006\314\006\057\006\107}{section*.5}% 13
\BOOKMARK [2][-]{section*.14}{\376\377\006\056\006\061\006\314\006\057\000\040\006\110\000\040\006\101\006\061\006\110\006\064\000\040\006\101\006\047\006\314\006\104}{section*.5}% 14
\BOOKMARK [2][-]{section*.15}{\376\377\006\047\006\061\006\063\006\047\006\104\000\040\006\056\006\061\006\314\006\057}{section*.5}% 15
\BOOKMARK [2][-]{section*.16}{\376\377\006\052\006\110\006\251\006\106}{section*.5}% 16
\BOOKMARK [1][-]{section*.17}{\376\377\006\050\006\056\006\064\040\014\006\107\006\047\006\314\000\040\006\047\006\105\006\052\006\314\006\047\006\062\006\314}{}% 17
\BOOKMARK [2][-]{section*.18}{\376\377\006\110\006\066\006\071\006\314\006\052\000\040\006\251\006\047\006\061\006\050\006\061\006\047\006\106}{section*.17}% 18
\BOOKMARK [2][-]{section*.19}{\376\377\006\206\006\052\000\040\006\107\006\105\006\062\006\105\006\047\006\106}{section*.17}% 19
\BOOKMARK [2][-]{section*.20}{\376\377\006\176\006\047\006\314\006\257\006\047\006\107\000\040\006\057\006\047\006\057\006\107}{section*.17}% 20
\BOOKMARK [2][-]{section*.21}{\376\377\000R\000E\000S\000T}{section*.17}% 21
\BOOKMARK [2][-]{section*.22}{\376\377\006\050\006\047\006\106\006\251}{section*.17}% 22
\BOOKMARK [2][-]{section*.23}{\376\377\006\047\006\105\006\106\006\314\006\052}{section*.17}% 23
\BOOKMARK [2][-]{section*.24}{\376\377\000P\000e\000e\000r\000-\000t\000o\000-\000P\000e\000e\000r}{section*.17}% 24
